2023-01-03 10:36:40.873  INFO 8680 --- [main] com.xiaohe.SanGengBlogApplication        : Starting SanGengBlogApplication using Java 1.8.0_202 on ABC with PID 8680 (D:\JAVA-projects\Bolg\sangeng-blog\target\classes started by 23825 in D:\JAVA-projects\Bolg)
2023-01-03 10:36:40.879  INFO 8680 --- [main] com.xiaohe.SanGengBlogApplication        : No active profile set, falling back to default profiles: default
2023-01-03 10:36:41.399  INFO 8680 --- [main] .s.d.r.c.RepositoryConfigurationDelegate : Multiple Spring Data modules found, entering strict repository configuration mode!
2023-01-03 10:36:41.401  INFO 8680 --- [main] .s.d.r.c.RepositoryConfigurationDelegate : Bootstrapping Spring Data Redis repositories in DEFAULT mode.
2023-01-03 10:36:41.422  INFO 8680 --- [main] .s.d.r.c.RepositoryConfigurationDelegate : Finished Spring Data repository scanning in 8 ms. Found 0 Redis repository interfaces.
2023-01-03 10:36:41.777  INFO 8680 --- [main] o.s.b.w.embedded.tomcat.TomcatWebServer  : Tomcat initialized with port(s): 7777 (http)
2023-01-03 10:36:41.783  INFO 8680 --- [main] o.apache.catalina.core.StandardService   : Starting service [Tomcat]
2023-01-03 10:36:41.784  INFO 8680 --- [main] org.apache.catalina.core.StandardEngine  : Starting Servlet engine: [Apache Tomcat/9.0.46]
2023-01-03 10:36:41.906  INFO 8680 --- [main] o.a.c.c.C.[Tomcat].[localhost].[/]       : Initializing Spring embedded WebApplicationContext
2023-01-03 10:36:41.909  INFO 8680 --- [main] w.s.c.ServletWebServerApplicationContext : Root WebApplicationContext: initialization completed in 995 ms
2023-01-03 10:36:43.551  INFO 8680 --- [main] o.s.b.w.embedded.tomcat.TomcatWebServer  : Tomcat started on port(s): 7777 (http) with context path ''
2023-01-03 10:36:43.558  INFO 8680 --- [main] com.xiaohe.SanGengBlogApplication        : Started SanGengBlogApplication in 2.998 seconds (JVM running for 4.133)
2023-01-03 10:36:43.558  INFO 8680 --- [main] o.s.b.a.ApplicationAvailabilityBean      : Application availability state LivenessState changed to CORRECT
2023-01-03 10:36:43.559  INFO 8680 --- [main] o.s.b.a.ApplicationAvailabilityBean      : Application availability state ReadinessState changed to ACCEPTING_TRAFFIC
2023-01-03 10:37:20.339  INFO 8680 --- [http-nio-7777-exec-1] o.a.c.c.C.[Tomcat].[localhost].[/]       : Initializing Spring DispatcherServlet 'dispatcherServlet'
2023-01-03 10:37:20.339  INFO 8680 --- [http-nio-7777-exec-1] o.s.web.servlet.DispatcherServlet        : Initializing Servlet 'dispatcherServlet'
2023-01-03 10:37:20.340  INFO 8680 --- [http-nio-7777-exec-1] o.s.web.servlet.DispatcherServlet        : Completed initialization in 1 ms
2023-01-03 10:37:20.408  INFO 8680 --- [http-nio-7777-exec-4] com.zaxxer.hikari.HikariDataSource       : HikariPool-1 - Starting...
2023-01-03 10:37:21.206  INFO 8680 --- [http-nio-7777-exec-4] com.zaxxer.hikari.HikariDataSource       : HikariPool-1 - Start completed.
2023-01-03 10:42:00.550  INFO 13128 --- [main] com.xiaohe.SanGengBlogApplication        : Starting SanGengBlogApplication using Java 1.8.0_202 on ABC with PID 13128 (D:\JAVA-projects\Bolg\sangeng-blog\target\classes started by 23825 in D:\JAVA-projects\Bolg)
2023-01-03 10:42:00.552  INFO 13128 --- [main] com.xiaohe.SanGengBlogApplication        : No active profile set, falling back to default profiles: default
2023-01-03 10:42:01.031  INFO 13128 --- [main] .s.d.r.c.RepositoryConfigurationDelegate : Multiple Spring Data modules found, entering strict repository configuration mode!
2023-01-03 10:42:01.033  INFO 13128 --- [main] .s.d.r.c.RepositoryConfigurationDelegate : Bootstrapping Spring Data Redis repositories in DEFAULT mode.
2023-01-03 10:42:01.052  INFO 13128 --- [main] .s.d.r.c.RepositoryConfigurationDelegate : Finished Spring Data repository scanning in 8 ms. Found 0 Redis repository interfaces.
2023-01-03 10:42:01.440  INFO 13128 --- [main] o.s.b.w.embedded.tomcat.TomcatWebServer  : Tomcat initialized with port(s): 7777 (http)
2023-01-03 10:42:01.448  INFO 13128 --- [main] o.apache.catalina.core.StandardService   : Starting service [Tomcat]
2023-01-03 10:42:01.448  INFO 13128 --- [main] org.apache.catalina.core.StandardEngine  : Starting Servlet engine: [Apache Tomcat/9.0.46]
2023-01-03 10:42:01.567  INFO 13128 --- [main] o.a.c.c.C.[Tomcat].[localhost].[/]       : Initializing Spring embedded WebApplicationContext
2023-01-03 10:42:01.567  INFO 13128 --- [main] w.s.c.ServletWebServerApplicationContext : Root WebApplicationContext: initialization completed in 983 ms
2023-01-03 10:42:03.255  INFO 13128 --- [main] o.s.b.w.embedded.tomcat.TomcatWebServer  : Tomcat started on port(s): 7777 (http) with context path ''
2023-01-03 10:42:03.262  INFO 13128 --- [main] com.xiaohe.SanGengBlogApplication        : Started SanGengBlogApplication in 3.036 seconds (JVM running for 4.67)
2023-01-03 10:42:03.263  INFO 13128 --- [main] o.s.b.a.ApplicationAvailabilityBean      : Application availability state LivenessState changed to CORRECT
2023-01-03 10:42:03.264  INFO 13128 --- [main] o.s.b.a.ApplicationAvailabilityBean      : Application availability state ReadinessState changed to ACCEPTING_TRAFFIC
2023-01-03 10:42:10.194  INFO 13128 --- [http-nio-7777-exec-2] o.a.c.c.C.[Tomcat].[localhost].[/]       : Initializing Spring DispatcherServlet 'dispatcherServlet'
2023-01-03 10:42:10.194  INFO 13128 --- [http-nio-7777-exec-2] o.s.web.servlet.DispatcherServlet        : Initializing Servlet 'dispatcherServlet'
2023-01-03 10:42:10.195  INFO 13128 --- [http-nio-7777-exec-2] o.s.web.servlet.DispatcherServlet        : Completed initialization in 1 ms
2023-01-03 10:42:10.237  INFO 13128 --- [http-nio-7777-exec-1] com.zaxxer.hikari.HikariDataSource       : HikariPool-1 - Starting...
2023-01-03 10:42:10.366  INFO 13128 --- [http-nio-7777-exec-1] com.zaxxer.hikari.HikariDataSource       : HikariPool-1 - Start completed.
2023-01-03 10:43:14.964  INFO 2460 --- [main] com.xiaohe.SanGengBlogApplication        : Starting SanGengBlogApplication using Java 1.8.0_202 on ABC with PID 2460 (D:\JAVA-projects\Bolg\sangeng-blog\target\classes started by 23825 in D:\JAVA-projects\Bolg)
2023-01-03 10:43:14.967  INFO 2460 --- [main] com.xiaohe.SanGengBlogApplication        : No active profile set, falling back to default profiles: default
2023-01-03 10:43:15.477  INFO 2460 --- [main] .s.d.r.c.RepositoryConfigurationDelegate : Multiple Spring Data modules found, entering strict repository configuration mode!
2023-01-03 10:43:15.479  INFO 2460 --- [main] .s.d.r.c.RepositoryConfigurationDelegate : Bootstrapping Spring Data Redis repositories in DEFAULT mode.
2023-01-03 10:43:15.497  INFO 2460 --- [main] .s.d.r.c.RepositoryConfigurationDelegate : Finished Spring Data repository scanning in 7 ms. Found 0 Redis repository interfaces.
2023-01-03 10:43:15.870  INFO 2460 --- [main] o.s.b.w.embedded.tomcat.TomcatWebServer  : Tomcat initialized with port(s): 7777 (http)
2023-01-03 10:43:15.877  INFO 2460 --- [main] o.apache.catalina.core.StandardService   : Starting service [Tomcat]
2023-01-03 10:43:15.878  INFO 2460 --- [main] org.apache.catalina.core.StandardEngine  : Starting Servlet engine: [Apache Tomcat/9.0.46]
2023-01-03 10:43:16.005  INFO 2460 --- [main] o.a.c.c.C.[Tomcat].[localhost].[/]       : Initializing Spring embedded WebApplicationContext
2023-01-03 10:43:16.006  INFO 2460 --- [main] w.s.c.ServletWebServerApplicationContext : Root WebApplicationContext: initialization completed in 1003 ms
2023-01-03 10:43:17.739  INFO 2460 --- [main] o.s.b.w.embedded.tomcat.TomcatWebServer  : Tomcat started on port(s): 7777 (http) with context path ''
2023-01-03 10:43:17.746  INFO 2460 --- [main] com.xiaohe.SanGengBlogApplication        : Started SanGengBlogApplication in 3.123 seconds (JVM running for 4.334)
2023-01-03 10:43:17.747  INFO 2460 --- [main] o.s.b.a.ApplicationAvailabilityBean      : Application availability state LivenessState changed to CORRECT
2023-01-03 10:43:17.749  INFO 2460 --- [main] o.s.b.a.ApplicationAvailabilityBean      : Application availability state ReadinessState changed to ACCEPTING_TRAFFIC
2023-01-03 10:43:19.544  INFO 2460 --- [http-nio-7777-exec-2] o.a.c.c.C.[Tomcat].[localhost].[/]       : Initializing Spring DispatcherServlet 'dispatcherServlet'
2023-01-03 10:43:19.544  INFO 2460 --- [http-nio-7777-exec-2] o.s.web.servlet.DispatcherServlet        : Initializing Servlet 'dispatcherServlet'
2023-01-03 10:43:19.545  INFO 2460 --- [http-nio-7777-exec-2] o.s.web.servlet.DispatcherServlet        : Completed initialization in 1 ms
2023-01-03 10:43:19.601  INFO 2460 --- [http-nio-7777-exec-3] com.zaxxer.hikari.HikariDataSource       : HikariPool-1 - Starting...
2023-01-03 10:43:19.708  INFO 2460 --- [http-nio-7777-exec-3] com.zaxxer.hikari.HikariDataSource       : HikariPool-1 - Start completed.
2023-01-03 10:50:42.713  INFO 9200 --- [main] com.xiaohe.SanGengBlogApplication        : Starting SanGengBlogApplication using Java 1.8.0_202 on ABC with PID 9200 (D:\JAVA-projects\Bolg\sangeng-blog\target\classes started by 23825 in D:\JAVA-projects\Bolg)
2023-01-03 10:50:42.715  INFO 9200 --- [main] com.xiaohe.SanGengBlogApplication        : No active profile set, falling back to default profiles: default
2023-01-03 10:50:43.199  INFO 9200 --- [main] .s.d.r.c.RepositoryConfigurationDelegate : Multiple Spring Data modules found, entering strict repository configuration mode!
2023-01-03 10:50:43.201  INFO 9200 --- [main] .s.d.r.c.RepositoryConfigurationDelegate : Bootstrapping Spring Data Redis repositories in DEFAULT mode.
2023-01-03 10:50:43.219  INFO 9200 --- [main] .s.d.r.c.RepositoryConfigurationDelegate : Finished Spring Data repository scanning in 8 ms. Found 0 Redis repository interfaces.
2023-01-03 10:50:43.604  INFO 9200 --- [main] o.s.b.w.embedded.tomcat.TomcatWebServer  : Tomcat initialized with port(s): 7777 (http)
2023-01-03 10:50:43.611  INFO 9200 --- [main] o.apache.catalina.core.StandardService   : Starting service [Tomcat]
2023-01-03 10:50:43.612  INFO 9200 --- [main] org.apache.catalina.core.StandardEngine  : Starting Servlet engine: [Apache Tomcat/9.0.46]
2023-01-03 10:50:43.741  INFO 9200 --- [main] o.a.c.c.C.[Tomcat].[localhost].[/]       : Initializing Spring embedded WebApplicationContext
2023-01-03 10:50:43.741  INFO 9200 --- [main] w.s.c.ServletWebServerApplicationContext : Root WebApplicationContext: initialization completed in 994 ms
2023-01-03 10:50:45.607  INFO 9200 --- [main] o.s.b.w.embedded.tomcat.TomcatWebServer  : Tomcat started on port(s): 7777 (http) with context path ''
2023-01-03 10:50:45.615  INFO 9200 --- [main] com.xiaohe.SanGengBlogApplication        : Started SanGengBlogApplication in 3.22 seconds (JVM running for 4.507)
2023-01-03 10:50:45.615  INFO 9200 --- [main] o.s.b.a.ApplicationAvailabilityBean      : Application availability state LivenessState changed to CORRECT
2023-01-03 10:50:45.616  INFO 9200 --- [main] o.s.b.a.ApplicationAvailabilityBean      : Application availability state ReadinessState changed to ACCEPTING_TRAFFIC
2023-01-03 10:50:52.706  INFO 9200 --- [http-nio-7777-exec-2] o.a.c.c.C.[Tomcat].[localhost].[/]       : Initializing Spring DispatcherServlet 'dispatcherServlet'
2023-01-03 10:50:52.706  INFO 9200 --- [http-nio-7777-exec-2] o.s.web.servlet.DispatcherServlet        : Initializing Servlet 'dispatcherServlet'
2023-01-03 10:50:52.707  INFO 9200 --- [http-nio-7777-exec-2] o.s.web.servlet.DispatcherServlet        : Completed initialization in 0 ms
2023-01-03 10:50:52.759  INFO 9200 --- [http-nio-7777-exec-1] com.zaxxer.hikari.HikariDataSource       : HikariPool-1 - Starting...
2023-01-03 10:50:52.906  INFO 9200 --- [http-nio-7777-exec-1] com.zaxxer.hikari.HikariDataSource       : HikariPool-1 - Start completed.
